<?xml version="1.0" encoding="UTF-8"?>
<!-- Generated by org.testng.reporters.JUnitReportReporter -->
<testsuite hostname="SAMCOMP" failures="0" tests="1" name="testCases.TC_004_SearchProductTest" time="3.416" errors="0" timestamp="2023-12-04T19:39:00 IST" skipped="0">
  <testcase classname="testCases.TC_004_SearchProductTest" name="test_searchProduct" time="3.416"/>
  <system-out/>
</testsuite> <!-- testCases.TC_004_SearchProductTest -->
