<?xml version="1.0" encoding="UTF-8"?>
<!-- Generated by org.testng.reporters.JUnitReportReporter -->
<testsuite hostname="SAMCOMP" failures="0" tests="1" name="testCases.TC_005_AddToCartPageTest" time="2.144" errors="0" timestamp="2023-02-14T15:22:36 IST" skipped="0">
  <testcase classname="testCases.TC_005_AddToCartPageTest" name="test_addToCart" time="2.144"/>
  <system-out/>
</testsuite> <!-- testCases.TC_005_AddToCartPageTest -->
