<?xml version="1.0" encoding="UTF-8"?>
<!-- Generated by org.testng.reporters.JUnitReportReporter -->
<testsuite hostname="SAMCOMP" failures="0" tests="1" name="testCases.TC_001_AccountRegistrationTest" time="4.721" errors="0" timestamp="2023-02-14T14:50:45 IST" skipped="0">
  <testcase classname="testCases.TC_001_AccountRegistrationTest" name="test_account_registration" time="4.721"/>
  <system-out/>
</testsuite> <!-- testCases.TC_001_AccountRegistrationTest -->
