<?xml version="1.0" encoding="UTF-8"?>
<!-- Generated by org.testng.reporters.JUnitReportReporter -->
<testsuite hostname="SAMCOMP" failures="0" tests="1" name="testCases.TC_001_AccountRegistrationTest" time="2.340" errors="0" timestamp="2023-02-08T21:37:16 IST" skipped="0">
  <testcase classname="testCases.TC_001_AccountRegistrationTest" name="test_account_registration" time="2.340"/>
  <system-out/>
</testsuite> <!-- testCases.TC_001_AccountRegistrationTest -->
