<?xml version="1.0" encoding="UTF-8"?>
<!-- Generated by org.testng.reporters.JUnitReportReporter -->
<testsuite hostname="SAMCOMP" failures="0" tests="1" name="testCases.TC_006_EndToEndTest" time="34.680" errors="0" timestamp="2023-02-14T17:07:49 IST" skipped="0">
  <testcase classname="testCases.TC_006_EndToEndTest" name="endToendTest" time="34.680"/>
  <system-out/>
</testsuite> <!-- testCases.TC_006_EndToEndTest -->
