<?xml version="1.0" encoding="UTF-8"?>
<!-- Generated by org.testng.reporters.JUnitReportReporter -->
<testsuite hostname="SAMCOMP" failures="0" tests="1" name="testCases.TC_001_AccountRegistrationTest" time="11.460" errors="0" timestamp="2023-12-04T19:43:59 IST" skipped="0">
  <testcase classname="testCases.TC_001_AccountRegistrationTest" name="test_account_registration" time="11.460"/>
  <system-out/>
</testsuite> <!-- testCases.TC_001_AccountRegistrationTest -->
