<?xml version="1.0" encoding="UTF-8"?>
<!-- Generated by org.testng.reporters.JUnitReportReporter -->
<testsuite hostname="SAMCOMP" failures="0" tests="1" name="testCases.TC_002_LoginTest" time="1.748" errors="0" timestamp="2023-02-08T21:37:48 IST" skipped="0">
  <testcase classname="testCases.TC_002_LoginTest" name="test_login" time="1.748"/>
  <system-out/>
</testsuite> <!-- testCases.TC_002_LoginTest -->
