<?xml version="1.0" encoding="UTF-8"?>
<!-- Generated by org.testng.reporters.JUnitReportReporter -->
<testsuite hostname="SAMCOMP" failures="0" tests="1" name="testCases.TC_002_LoginTest" time="3.531" errors="0" timestamp="2023-02-09T17:36:00 IST" skipped="0">
  <testcase classname="testCases.TC_002_LoginTest" name="test_login" time="3.531"/>
  <system-out/>
</testsuite> <!-- testCases.TC_002_LoginTest -->
