<?xml version="1.0" encoding="UTF-8"?>
<!-- Generated by org.testng.reporters.JUnitReportReporter -->
<testsuite hostname="SAMCOMP" failures="0" tests="1" name="testCases.TC_004_SearchProductTest" time="3.827" errors="0" timestamp="2023-12-07T23:10:27 IST" skipped="0">
  <testcase classname="testCases.TC_004_SearchProductTest" name="test_searchProduct" time="3.827"/>
  <system-out/>
</testsuite> <!-- testCases.TC_004_SearchProductTest -->
